<?xml version="1.0" encoding="UTF-8"?>
<!-- Generated by org.testng.reporters.JUnitReportReporter -->
<testsuite hostname="vpcw10d-2111" name="com.CanopyTest.ScenariosTest" tests="1" failures="0" timestamp="22 Apr 2018 12:13:33 GMT" time="34.112" errors="0">
  <testcase name="Test5" time="34.112" classname="com.CanopyTest.ScenariosTest"/>
</testsuite> <!-- com.CanopyTest.ScenariosTest -->
